<?xml version="1.0" encoding="UTF-8"?>
<testng-results ignored="0" total="1" passed="1" failed="0" skipped="0">
  <reporter-output>
  </reporter-output>
  <suite started-at="2024-03-13T19:09:03 IST" name="Default suite" finished-at="2024-03-13T19:09:08 IST" duration-ms="5793">
    <groups>
    </groups>
    <test started-at="2024-03-13T19:09:03 IST" name="Default test" finished-at="2024-03-13T19:09:08 IST" duration-ms="5793">
      <class name="seleniumExtentReports.ExtentReports.ExtentReportDemo">
        <test-method is-config="true" signature="config()[pri:0, instance:seleniumExtentReports.ExtentReports.ExtentReportDemo@7c209437]" started-at="2024-03-13T19:09:03 IST" name="config" finished-at="2024-03-13T19:09:03 IST" duration-ms="291" status="PASS">
          <reporter-output>
          </reporter-output>
        </test-method> <!-- config -->
        <test-method signature="initialDemo()[pri:0, instance:seleniumExtentReports.ExtentReports.ExtentReportDemo@7c209437]" started-at="2024-03-13T19:09:03 IST" name="initialDemo" finished-at="2024-03-13T19:09:08 IST" duration-ms="5445" status="PASS">
          <reporter-output>
          </reporter-output>
        </test-method> <!-- initialDemo -->
      </class> <!-- seleniumExtentReports.ExtentReports.ExtentReportDemo -->
    </test> <!-- Default test -->
  </suite> <!-- Default suite -->
</testng-results>
